2025-07-16 14:06:58,913 - INFO - [START] Starting GitHub PR Analytics update process...
2025-07-16 14:06:59,033 - INFO - [OK] Prerequisites check passed
2025-07-16 14:06:59,033 - INFO - [UPDATE] Fetching latest PR data from GitHub...
2025-07-16 14:12:11,523 - INFO - [OK] Successfully fetched latest PR data
2025-07-16 14:12:11,523 - DEBUG - Fetch output: None
2025-07-16 14:12:11,523 - INFO - [FILE] Updating deployment directory with latest data...
2025-07-16 14:12:11,535 - INFO - [OK] Copied pr_metrics_all_prs.csv to deployment directory
2025-07-16 14:12:11,541 - INFO - [OK] Copied last_update.json to deployment directory
2025-07-16 14:12:11,565 - INFO - [INFO] Skipping deployment (use --deploy to deploy)
2025-07-16 14:12:11,565 - INFO - [DATA] Current Data Summary:
2025-07-16 14:12:11,565 - INFO -    Last Update: 2025-07-16T14:12:11.272474+02:00
2025-07-16 14:12:11,565 - INFO -    Total PRs: 214
2025-07-16 14:12:11,565 - INFO -    Update Type: full
2025-07-16 14:12:11,565 - INFO -    Deployment Data Size: 68,979 bytes
2025-07-16 14:12:11,730 - INFO -    Last Commit: 6cb7bdb Update PR analytics data - 2025-07-15 16:11:07
2025-07-16 14:12:11,732 - INFO - [SUCCESS] Update process completed successfully!
2025-07-16 14:12:11,732 - INFO - [INFO] To deploy, run: python update_and_deploy.py --deploy
2025-07-16 14:12:11,732 - INFO - [INFO] To serve locally, run: python serve_dashboard.py
2025-07-16 14:17:23,284 - INFO - [START] Starting GitHub PR Analytics update process...
2025-07-16 14:17:23,433 - INFO - [OK] Prerequisites check passed
2025-07-16 14:17:23,433 - INFO - [UPDATE] Fetching latest PR data from GitHub...
2025-07-16 14:22:26,450 - INFO - [OK] Successfully fetched latest PR data
2025-07-16 14:22:26,450 - INFO - [FILE] Updating deployment directory with latest data...
2025-07-16 14:22:26,454 - INFO - [OK] Copied pr_metrics_all_prs.csv to deployment directory
2025-07-16 14:22:26,455 - INFO - [OK] Copied last_update.json to deployment directory
2025-07-16 14:22:26,455 - INFO - [SETUP] Setting up GitHub Pages repository...
2025-07-16 14:22:26,455 - INFO - 📦 Using existing git repository...
2025-07-16 14:22:26,900 - INFO - [START] Deploying to GitHub Pages...
2025-07-16 14:22:27,064 - INFO - [COMMIT] Adding changes to git...
2025-07-16 14:22:27,262 - INFO - [COMMIT] Creating commit: Update PR analytics data - 2025-07-16 14:22:27
2025-07-16 14:22:27,510 - INFO - [START] Pushing to GitHub Pages...
2025-07-16 14:22:29,342 - INFO - [UPDATE] Trying with 'master' branch...
2025-07-16 14:22:29,588 - ERROR - [ERROR] Push failed: error: src refspec master does not match any
error: failed to push some refs to 'https://github.com/aviv-fathallahelmasri/pr-analytics-dashboard'

2025-07-16 14:22:29,588 - ERROR - [ERROR] GitHub Pages deployment failed.
